[2025-08-26T09:14:57.782+0000] {taskinstance.py:1979} INFO - Dependencies all met for dep_context=non-requeueable deps ti=<TaskInstance: mamda_monthly_etl_pipeline.run_db_to_file_etl manual__2025-08-26T09:14:54.762196+00:00 [queued]>
[2025-08-26T09:14:57.793+0000] {taskinstance.py:1979} INFO - Dependencies all met for dep_context=requeueable deps ti=<TaskInstance: mamda_monthly_etl_pipeline.run_db_to_file_etl manual__2025-08-26T09:14:54.762196+00:00 [queued]>
[2025-08-26T09:14:57.794+0000] {taskinstance.py:2193} INFO - Starting attempt 1 of 1
[2025-08-26T09:14:57.810+0000] {taskinstance.py:2214} INFO - Executing <Task(PythonOperator): run_db_to_file_etl> on 2025-08-26 09:14:54.762196+00:00
[2025-08-26T09:14:57.822+0000] {standard_task_runner.py:60} INFO - Started process 68 to run task
[2025-08-26T09:14:57.825+0000] {standard_task_runner.py:87} INFO - Running: ['***', 'tasks', 'run', 'mamda_monthly_etl_pipeline', 'run_db_to_file_etl', 'manual__2025-08-26T09:14:54.762196+00:00', '--job-id', '140', '--raw', '--subdir', 'DAGS_FOLDER/mamda_monthly_etl.py', '--cfg-path', '/tmp/tmp84a7l6yv']
[2025-08-26T09:14:57.827+0000] {standard_task_runner.py:88} INFO - Job 140: Subtask run_db_to_file_etl
[2025-08-26T09:14:57.890+0000] {task_command.py:423} INFO - Running <TaskInstance: mamda_monthly_etl_pipeline.run_db_to_file_etl manual__2025-08-26T09:14:54.762196+00:00 [running]> on host 9f5b6f3413d6
[2025-08-26T09:14:58.015+0000] {taskinstance.py:2510} INFO - Exporting env vars: AIRFLOW_CTX_DAG_OWNER='mamda_etl' AIRFLOW_CTX_DAG_ID='mamda_monthly_etl_pipeline' AIRFLOW_CTX_TASK_ID='run_db_to_file_etl' AIRFLOW_CTX_EXECUTION_DATE='2025-08-26T09:14:54.762196+00:00' AIRFLOW_CTX_TRY_NUMBER='1' AIRFLOW_CTX_DAG_RUN_ID='manual__2025-08-26T09:14:54.762196+00:00'
[2025-08-26T09:14:58.018+0000] {mamda_monthly_etl.py:103} INFO - === START: DB -> FILE ETL ===
[2025-08-26T09:14:58.020+0000] {mamda_monthly_etl.py:72} INFO - Using payouts dir: /opt/***/data/fee_payouts
[2025-08-26T09:14:58.021+0000] {mamda_monthly_etl.py:87} INFO - Using status dir: /opt/***/data/fee_payouts_status
[2025-08-26T09:15:00.735+0000] {mamda_monthly_etl.py:117} INFO - DB->FILE STDOUT:
AVERTISSEMENT: Dossier externe non accessible ou non défini dans .env
Utilisation du dossier local à la place.
Utilisation du dossier local: /opt/***/data/fee_payouts
AVERTISSEMENT: Un fichier avec la référence '3AV1024' existe déjà.
Fichier existant: 3AV1024_20250826_085548.asc
Génération annulée pour éviter les doublons.
AVERTISSEMENT: Dossier externe non accessible ou non défini dans .env
Utilisation du dossier local à la place.
Utilisation du dossier local: /opt/***/data/fee_payouts
AVERTISSEMENT: Un fichier avec la référence '3EX1024' existe déjà.
Fichier existant: 3EX1024_20250826_085548.asc
Génération annulée pour éviter les doublons.
AVERTISSEMENT: Dossier externe non accessible ou non défini dans .env
Utilisation du dossier local à la place.
Utilisation du dossier local: /opt/***/data/fee_payouts
AVERTISSEMENT: Un fichier avec la référence '3ME1024' existe déjà.
Fichier existant: 3ME1024_20250826_085548.asc
Génération annulée pour éviter les doublons.
AVERTISSEMENT: Dossier externe non accessible ou non défini dans .env
Utilisation du dossier local à la place.
Utilisation du dossier local: /opt/***/data/fee_payouts
AVERTISSEMENT: Un fichier avec la référence '3CO1024' existe déjà.
Fichier existant: 3CO1024_20250826_085549.asc
Génération annulée pour éviter les doublons.

[2025-08-26T09:15:00.736+0000] {mamda_monthly_etl.py:119} WARNING - DB->FILE STDERR:
INFO:__main__:---- DÉMARRAGE DU PIPELINE DB -> FILE ----
INFO:__main__:--- Traitement pour base: sinauto_mcma_, type_aux: A ---
INFO:__main__:Données extraites avec succès pour sinauto_mcma_
INFO:__main__:sinauto_mcma_ : mapping réussi
INFO:__main__:sinauto_mcma_ : transformation réussie
INFO:__main__:sinauto_mcma_ : fichier SIMT généré
INFO:__main__:--- Traitement pour base: sinauto_mcma_, type_aux: E ---
INFO:__main__:Données extraites avec succès pour sinauto_mcma_
INFO:__main__:sinauto_mcma_ : mapping réussi
INFO:__main__:sinauto_mcma_ : transformation réussie
INFO:__main__:sinauto_mcma_ : fichier SIMT généré
INFO:__main__:--- Traitement pour base: sinauto_mcma_, type_aux: M ---
INFO:__main__:Données extraites avec succès pour sinauto_mcma_
INFO:__main__:sinauto_mcma_ : mapping réussi
INFO:__main__:sinauto_mcma_ : transformation réussie
INFO:__main__:sinauto_mcma_ : fichier SIMT généré
INFO:__main__:--- Traitement pour base: sinauto_mcma_, type_aux: C ---
INFO:__main__:Données extraites avec succès pour sinauto_mcma_
INFO:__main__:sinauto_mcma_ : mapping réussi
INFO:__main__:sinauto_mcma_ : transformation réussie
INFO:__main__:sinauto_mcma_ : fichier SIMT généré
INFO:__main__:---- FIN DU PIPELINE DB -> FILE ----

[2025-08-26T09:15:00.737+0000] {mamda_monthly_etl.py:127} INFO - === DONE: DB -> FILE ETL ===
[2025-08-26T09:15:00.737+0000] {python.py:202} INFO - Done. Returned value was: None
[2025-08-26T09:15:00.748+0000] {taskinstance.py:1149} INFO - Marking task as SUCCESS. dag_id=mamda_monthly_etl_pipeline, task_id=run_db_to_file_etl, execution_date=20250826T091454, start_date=20250826T091457, end_date=20250826T091500
[2025-08-26T09:15:00.774+0000] {local_task_job_runner.py:234} INFO - Task exited with return code 0
[2025-08-26T09:15:00.804+0000] {taskinstance.py:3309} INFO - 0 downstream tasks scheduled from follow-on schedule check
