[2025-08-26T14:41:25.601+0000] {taskinstance.py:1979} INFO - Dependencies all met for dep_context=non-requeueable deps ti=<TaskInstance: mamda_monthly_etl_pipeline.run_db_to_file_etl manual__2025-08-26T14:41:23.092475+00:00 [queued]>
[2025-08-26T14:41:25.610+0000] {taskinstance.py:1979} INFO - Dependencies all met for dep_context=requeueable deps ti=<TaskInstance: mamda_monthly_etl_pipeline.run_db_to_file_etl manual__2025-08-26T14:41:23.092475+00:00 [queued]>
[2025-08-26T14:41:25.610+0000] {taskinstance.py:2193} INFO - Starting attempt 1 of 1
[2025-08-26T14:41:25.623+0000] {taskinstance.py:2214} INFO - Executing <Task(PythonOperator): run_db_to_file_etl> on 2025-08-26 14:41:23.092475+00:00
[2025-08-26T14:41:25.629+0000] {standard_task_runner.py:60} INFO - Started process 580 to run task
[2025-08-26T14:41:25.635+0000] {standard_task_runner.py:87} INFO - Running: ['***', 'tasks', 'run', 'mamda_monthly_etl_pipeline', 'run_db_to_file_etl', 'manual__2025-08-26T14:41:23.092475+00:00', '--job-id', '379', '--raw', '--subdir', 'DAGS_FOLDER/mamda_monthly_etl.py', '--cfg-path', '/tmp/tmp2xim9ti2']
[2025-08-26T14:41:25.637+0000] {standard_task_runner.py:88} INFO - Job 379: Subtask run_db_to_file_etl
[2025-08-26T14:41:25.690+0000] {task_command.py:423} INFO - Running <TaskInstance: mamda_monthly_etl_pipeline.run_db_to_file_etl manual__2025-08-26T14:41:23.092475+00:00 [running]> on host 40a873810464
[2025-08-26T14:41:25.773+0000] {taskinstance.py:2510} INFO - Exporting env vars: AIRFLOW_CTX_DAG_OWNER='mamda_etl' AIRFLOW_CTX_DAG_ID='mamda_monthly_etl_pipeline' AIRFLOW_CTX_TASK_ID='run_db_to_file_etl' AIRFLOW_CTX_EXECUTION_DATE='2025-08-26T14:41:23.092475+00:00' AIRFLOW_CTX_TRY_NUMBER='1' AIRFLOW_CTX_DAG_RUN_ID='manual__2025-08-26T14:41:23.092475+00:00'
[2025-08-26T14:41:25.775+0000] {mamda_monthly_etl.py:92} INFO - === START: DB -> FILE ETL ===
[2025-08-26T14:41:25.776+0000] {mamda_monthly_etl.py:78} INFO - Subprocess ENV: DATA_DIR_FEE_PAYOUTS -> /mnt/mamda_data/fee_payouts
[2025-08-26T14:41:25.777+0000] {mamda_monthly_etl.py:79} INFO - Subprocess ENV: DATA_DIR_FEE_STATUS -> /mnt/mamda_data/fee_payouts_status
[2025-08-26T14:41:27.953+0000] {mamda_monthly_etl.py:106} INFO - DB->FILE STDOUT:
Utilisation du dossier externe
used calculation
Fichier généré
Utilisation du dossier externe
used calculation
Fichier généré
Utilisation du dossier externe
used calculation
Fichier généré
Utilisation du dossier externe
used calculation
Fichier généré

[2025-08-26T14:41:27.954+0000] {mamda_monthly_etl.py:108} WARNING - DB->FILE STDERR:
INFO:__main__:---- DÉMARRAGE DU PIPELINE DB -> FILE ----
INFO:__main__:--- Traitement pour base: sinauto_mcma_, type_aux: A ---
INFO:__main__:Données extraites avec succès pour sinauto_mcma_
INFO:__main__:sinauto_mcma_ : mapping réussi
INFO:__main__:sinauto_mcma_ : transformation réussie
INFO:__main__:sinauto_mcma_ : fichier SIMT généré
INFO:__main__:--- Traitement pour base: sinauto_mcma_, type_aux: E ---
INFO:__main__:Données extraites avec succès pour sinauto_mcma_
INFO:__main__:sinauto_mcma_ : mapping réussi
INFO:__main__:sinauto_mcma_ : transformation réussie
INFO:__main__:sinauto_mcma_ : fichier SIMT généré
INFO:__main__:--- Traitement pour base: sinauto_mcma_, type_aux: M ---
INFO:__main__:Données extraites avec succès pour sinauto_mcma_
INFO:__main__:sinauto_mcma_ : mapping réussi
INFO:__main__:sinauto_mcma_ : transformation réussie
INFO:__main__:sinauto_mcma_ : fichier SIMT généré
INFO:__main__:--- Traitement pour base: sinauto_mcma_, type_aux: C ---
INFO:__main__:Données extraites avec succès pour sinauto_mcma_
INFO:__main__:sinauto_mcma_ : mapping réussi
INFO:__main__:sinauto_mcma_ : transformation réussie
INFO:__main__:sinauto_mcma_ : fichier SIMT généré
INFO:__main__:---- FIN DU PIPELINE DB -> FILE ----

[2025-08-26T14:41:27.954+0000] {mamda_monthly_etl.py:116} INFO - === DONE: DB -> FILE ETL ===
[2025-08-26T14:41:27.955+0000] {python.py:202} INFO - Done. Returned value was: None
[2025-08-26T14:41:27.964+0000] {taskinstance.py:1149} INFO - Marking task as SUCCESS. dag_id=mamda_monthly_etl_pipeline, task_id=run_db_to_file_etl, execution_date=20250826T144123, start_date=20250826T144125, end_date=20250826T144127
[2025-08-26T14:41:28.013+0000] {local_task_job_runner.py:234} INFO - Task exited with return code 0
[2025-08-26T14:41:28.033+0000] {taskinstance.py:3309} INFO - 0 downstream tasks scheduled from follow-on schedule check
