[2025-08-26T14:17:57.207+0000] {taskinstance.py:1979} INFO - Dependencies all met for dep_context=non-requeueable deps ti=<TaskInstance: mamda_monthly_etl_pipeline.run_file_to_db_etl manual__2025-08-26T14:17:53.237804+00:00 [queued]>
[2025-08-26T14:17:57.217+0000] {taskinstance.py:1979} INFO - Dependencies all met for dep_context=requeueable deps ti=<TaskInstance: mamda_monthly_etl_pipeline.run_file_to_db_etl manual__2025-08-26T14:17:53.237804+00:00 [queued]>
[2025-08-26T14:17:57.218+0000] {taskinstance.py:2193} INFO - Starting attempt 1 of 1
[2025-08-26T14:17:57.230+0000] {taskinstance.py:2214} INFO - Executing <Task(PythonOperator): run_file_to_db_etl> on 2025-08-26 14:17:53.237804+00:00
[2025-08-26T14:17:57.235+0000] {standard_task_runner.py:60} INFO - Started process 228 to run task
[2025-08-26T14:17:57.237+0000] {standard_task_runner.py:87} INFO - Running: ['***', 'tasks', 'run', 'mamda_monthly_etl_pipeline', 'run_file_to_db_etl', 'manual__2025-08-26T14:17:53.237804+00:00', '--job-id', '369', '--raw', '--subdir', 'DAGS_FOLDER/mamda_monthly_etl.py', '--cfg-path', '/tmp/tmpgpj5if8w']
[2025-08-26T14:17:57.238+0000] {standard_task_runner.py:88} INFO - Job 369: Subtask run_file_to_db_etl
[2025-08-26T14:17:57.283+0000] {task_command.py:423} INFO - Running <TaskInstance: mamda_monthly_etl_pipeline.run_file_to_db_etl manual__2025-08-26T14:17:53.237804+00:00 [running]> on host 40a873810464
[2025-08-26T14:17:57.362+0000] {taskinstance.py:2510} INFO - Exporting env vars: AIRFLOW_CTX_DAG_OWNER='mamda_etl' AIRFLOW_CTX_DAG_ID='mamda_monthly_etl_pipeline' AIRFLOW_CTX_TASK_ID='run_file_to_db_etl' AIRFLOW_CTX_EXECUTION_DATE='2025-08-26T14:17:53.237804+00:00' AIRFLOW_CTX_TRY_NUMBER='1' AIRFLOW_CTX_DAG_RUN_ID='manual__2025-08-26T14:17:53.237804+00:00'
[2025-08-26T14:17:57.363+0000] {mamda_monthly_etl.py:178} INFO - === START: FILE -> DB ETL ===
[2025-08-26T14:17:57.364+0000] {mamda_monthly_etl.py:79} INFO - Subprocess ENV: DATA_DIR_FEE_PAYOUTS -> /mnt/mamda_data/fee_payouts
[2025-08-26T14:17:57.364+0000] {mamda_monthly_etl.py:80} INFO - Subprocess ENV: DATA_DIR_FEE_STATUS -> /mnt/mamda_data/fee_payouts_status
[2025-08-26T14:17:59.738+0000] {mamda_monthly_etl.py:196} INFO - FILE->DB STDOUT:
Looking for newest files
Utilisation du dossier externe
Recherche dans: /mnt/mamda_data/fee_payouts_status
Found 2 recent files
Processing file: /mnt/mamda_data/fee_payouts_status/AT_0825.asc
db chosen is SinAT_MCMA_retour
File AT_0825.asc has already been processed. Skipping.
Completed processing: /mnt/mamda_data/fee_payouts_status/AT_0825.asc

Processing file: /mnt/mamda_data/fee_payouts_status/Auto_0825.asc
db chosen is SinAuto_MCMA_retour
File Auto_0825.asc has already been processed. Skipping.
Completed processing: /mnt/mamda_data/fee_payouts_status/Auto_0825.asc

All files processed.

[2025-08-26T14:17:59.739+0000] {mamda_monthly_etl.py:206} INFO - === DONE: FILE -> DB ETL ===
[2025-08-26T14:17:59.740+0000] {python.py:202} INFO - Done. Returned value was: None
[2025-08-26T14:17:59.748+0000] {taskinstance.py:1149} INFO - Marking task as SUCCESS. dag_id=mamda_monthly_etl_pipeline, task_id=run_file_to_db_etl, execution_date=20250826T141753, start_date=20250826T141757, end_date=20250826T141759
[2025-08-26T14:17:59.780+0000] {local_task_job_runner.py:234} INFO - Task exited with return code 0
[2025-08-26T14:17:59.800+0000] {taskinstance.py:3309} INFO - 1 downstream tasks scheduled from follow-on schedule check
