[2025-08-18T09:32:21.144+0000] {taskinstance.py:1979} INFO - Dependencies all met for dep_context=non-requeueable deps ti=<TaskInstance: mamda_monthly_etl_pipeline.check_status_files manual__2025-08-18T09:32:16.573604+00:00 [queued]>
[2025-08-18T09:32:21.156+0000] {taskinstance.py:1979} INFO - Dependencies all met for dep_context=requeueable deps ti=<TaskInstance: mamda_monthly_etl_pipeline.check_status_files manual__2025-08-18T09:32:16.573604+00:00 [queued]>
[2025-08-18T09:32:21.157+0000] {taskinstance.py:2193} INFO - Starting attempt 1 of 3
[2025-08-18T09:32:21.176+0000] {taskinstance.py:2214} INFO - Executing <Task(PythonOperator): check_status_files> on 2025-08-18 09:32:16.573604+00:00
[2025-08-18T09:32:21.185+0000] {standard_task_runner.py:60} INFO - Started process 522 to run task
[2025-08-18T09:32:21.188+0000] {standard_task_runner.py:87} INFO - Running: ['***', 'tasks', 'run', 'mamda_monthly_etl_pipeline', 'check_status_files', 'manual__2025-08-18T09:32:16.573604+00:00', '--job-id', '7', '--raw', '--subdir', 'DAGS_FOLDER/mamda_monthly_etl.py', '--cfg-path', '/tmp/tmp2h67cnv2']
[2025-08-18T09:32:21.190+0000] {standard_task_runner.py:88} INFO - Job 7: Subtask check_status_files
[2025-08-18T09:32:21.262+0000] {task_command.py:423} INFO - Running <TaskInstance: mamda_monthly_etl_pipeline.check_status_files manual__2025-08-18T09:32:16.573604+00:00 [running]> on host 2361051357b0
[2025-08-18T09:32:21.372+0000] {taskinstance.py:2510} INFO - Exporting env vars: AIRFLOW_CTX_DAG_OWNER='mamda_etl' AIRFLOW_CTX_DAG_ID='mamda_monthly_etl_pipeline' AIRFLOW_CTX_TASK_ID='check_status_files' AIRFLOW_CTX_EXECUTION_DATE='2025-08-18T09:32:16.573604+00:00' AIRFLOW_CTX_TRY_NUMBER='1' AIRFLOW_CTX_DAG_RUN_ID='manual__2025-08-18T09:32:16.573604+00:00'
[2025-08-18T09:32:21.373+0000] {mamda_monthly_etl.py:95} INFO - === CHECKING FOR NEW STATUS FILES ===
[2025-08-18T09:32:21.374+0000] {warnings.py:110} WARNING - /home/***/.local/lib/python3.11/site-packages/***/utils/context.py:315: AirflowContextDeprecationWarning: Accessing 'execution_date' from the template is deprecated and will be removed in a future version. Please use 'data_interval_start' or 'logical_date' instead.
  warnings.warn(_create_deprecation_warning(k, replacements))

[2025-08-18T09:32:21.375+0000] {mamda_monthly_etl.py:101} INFO - Looking for files containing pattern: 0825
[2025-08-18T09:32:21.386+0000] {mamda_monthly_etl.py:116} INFO - Total files in directory: 3
[2025-08-18T09:32:21.387+0000] {mamda_monthly_etl.py:122} INFO - ✓ Found 2 files with pattern 0825:
[2025-08-18T09:32:21.390+0000] {mamda_monthly_etl.py:127} INFO -   - AT_0825.asc (size: 2467 bytes, modified: 2025-08-05 09:14:46.290093)
[2025-08-18T09:32:21.393+0000] {mamda_monthly_etl.py:127} INFO -   - Auto_0825.asc (size: 2485 bytes, modified: 2025-07-22 10:56:17.970906)
[2025-08-18T09:32:21.424+0000] {mamda_monthly_etl.py:133} INFO - === STATUS FILES CHECK: PROCEED WITH FILE-TO-DB ETL ===
[2025-08-18T09:32:21.425+0000] {python.py:202} INFO - Done. Returned value was: True
[2025-08-18T09:32:21.453+0000] {taskinstance.py:1149} INFO - Marking task as SUCCESS. dag_id=mamda_monthly_etl_pipeline, task_id=check_status_files, execution_date=20250818T093216, start_date=20250818T093221, end_date=20250818T093221
[2025-08-18T09:32:21.483+0000] {local_task_job_runner.py:234} INFO - Task exited with return code 0
[2025-08-18T09:32:21.514+0000] {taskinstance.py:3309} INFO - 1 downstream tasks scheduled from follow-on schedule check
