[2025-08-26T14:03:00.937+0000] {taskinstance.py:1979} INFO - Dependencies all met for dep_context=non-requeueable deps ti=<TaskInstance: mamda_monthly_etl_pipeline.run_db_to_file_etl manual__2025-08-26T14:02:57.205799+00:00 [queued]>
[2025-08-26T14:03:00.946+0000] {taskinstance.py:1979} INFO - Dependencies all met for dep_context=requeueable deps ti=<TaskInstance: mamda_monthly_etl_pipeline.run_db_to_file_etl manual__2025-08-26T14:02:57.205799+00:00 [queued]>
[2025-08-26T14:03:00.947+0000] {taskinstance.py:2193} INFO - Starting attempt 1 of 1
[2025-08-26T14:03:00.959+0000] {taskinstance.py:2214} INFO - Executing <Task(PythonOperator): run_db_to_file_etl> on 2025-08-26 14:02:57.205799+00:00
[2025-08-26T14:03:00.964+0000] {standard_task_runner.py:60} INFO - Started process 138 to run task
[2025-08-26T14:03:00.966+0000] {standard_task_runner.py:87} INFO - Running: ['***', 'tasks', 'run', 'mamda_monthly_etl_pipeline', 'run_db_to_file_etl', 'manual__2025-08-26T14:02:57.205799+00:00', '--job-id', '345', '--raw', '--subdir', 'DAGS_FOLDER/mamda_monthly_etl.py', '--cfg-path', '/tmp/tmp75vcbe18']
[2025-08-26T14:03:00.968+0000] {standard_task_runner.py:88} INFO - Job 345: Subtask run_db_to_file_etl
[2025-08-26T14:03:01.009+0000] {task_command.py:423} INFO - Running <TaskInstance: mamda_monthly_etl_pipeline.run_db_to_file_etl manual__2025-08-26T14:02:57.205799+00:00 [running]> on host 847c05b19ac9
[2025-08-26T14:03:01.086+0000] {taskinstance.py:2510} INFO - Exporting env vars: AIRFLOW_CTX_DAG_OWNER='mamda_etl' AIRFLOW_CTX_DAG_ID='mamda_monthly_etl_pipeline' AIRFLOW_CTX_TASK_ID='run_db_to_file_etl' AIRFLOW_CTX_EXECUTION_DATE='2025-08-26T14:02:57.205799+00:00' AIRFLOW_CTX_TRY_NUMBER='1' AIRFLOW_CTX_DAG_RUN_ID='manual__2025-08-26T14:02:57.205799+00:00'
[2025-08-26T14:03:01.087+0000] {mamda_monthly_etl.py:93} INFO - === START: DB -> FILE ETL ===
[2025-08-26T14:03:01.088+0000] {mamda_monthly_etl.py:79} INFO - Subprocess ENV: DATA_DIR_FEE_PAYOUTS -> /mnt/mamda_data/fee_payouts
[2025-08-26T14:03:01.088+0000] {mamda_monthly_etl.py:80} INFO - Subprocess ENV: DATA_DIR_FEE_STATUS -> /mnt/mamda_data/fee_payouts_status
[2025-08-26T14:03:01.132+0000] {mamda_monthly_etl.py:109} WARNING - DB->FILE STDERR:
Traceback (most recent call last):
  File "/opt/***/scripts/etl_pipeline_db_to_file.py", line 5, in <module>
    from scripts.extract import extract_from_sql
  File "/opt/***/scripts/extract.py", line 6, in <module>
    import pyodbc
ModuleNotFoundError: No module named 'pyodbc'

[2025-08-26T14:03:01.133+0000] {taskinstance.py:2728} ERROR - Task failed with exception
Traceback (most recent call last):
  File "/home/airflow/.local/lib/python3.11/site-packages/airflow/models/taskinstance.py", line 444, in _execute_task
    result = _execute_callable(context=context, **execute_callable_kwargs)
             ^^^^^^^^^^^^^^^^^^^^^^^^^^^^^^^^^^^^^^^^^^^^^^^^^^^^^^^^^^^^^
  File "/home/airflow/.local/lib/python3.11/site-packages/airflow/models/taskinstance.py", line 414, in _execute_callable
    return execute_callable(context=context, **execute_callable_kwargs)
           ^^^^^^^^^^^^^^^^^^^^^^^^^^^^^^^^^^^^^^^^^^^^^^^^^^^^^^^^^^^^
  File "/home/airflow/.local/lib/python3.11/site-packages/airflow/operators/python.py", line 200, in execute
    return_value = self.execute_callable()
                   ^^^^^^^^^^^^^^^^^^^^^^^
  File "/home/airflow/.local/lib/python3.11/site-packages/airflow/operators/python.py", line 217, in execute_callable
    return self.python_callable(*self.op_args, **self.op_kwargs)
           ^^^^^^^^^^^^^^^^^^^^^^^^^^^^^^^^^^^^^^^^^^^^^^^^^^^^^
  File "/opt/airflow/dags/mamda_monthly_etl.py", line 110, in run_db_to_file_etl
    _fail_on_error_markers(result, [
  File "/opt/airflow/dags/mamda_monthly_etl.py", line 89, in _fail_on_error_markers
    raise RuntimeError(f"Detected error in child script output: {m}")
RuntimeError: Detected error in child script output: Traceback (most recent call last):
[2025-08-26T14:03:01.143+0000] {taskinstance.py:1149} INFO - Marking task as FAILED. dag_id=mamda_monthly_etl_pipeline, task_id=run_db_to_file_etl, execution_date=20250826T140257, start_date=20250826T140300, end_date=20250826T140301
[2025-08-26T14:03:01.156+0000] {standard_task_runner.py:107} ERROR - Failed to execute job 345 for task run_db_to_file_etl (Detected error in child script output: Traceback (most recent call last):; 138)
[2025-08-26T14:03:01.179+0000] {local_task_job_runner.py:234} INFO - Task exited with return code 1
[2025-08-26T14:03:01.202+0000] {taskinstance.py:3309} INFO - 0 downstream tasks scheduled from follow-on schedule check
