[2025-08-26T14:06:28.125+0000] {taskinstance.py:1979} INFO - Dependencies all met for dep_context=non-requeueable deps ti=<TaskInstance: mamda_monthly_etl_pipeline.run_file_to_db_etl manual__2025-08-26T14:06:21.801203+00:00 [queued]>
[2025-08-26T14:06:28.135+0000] {taskinstance.py:1979} INFO - Dependencies all met for dep_context=requeueable deps ti=<TaskInstance: mamda_monthly_etl_pipeline.run_file_to_db_etl manual__2025-08-26T14:06:21.801203+00:00 [queued]>
[2025-08-26T14:06:28.136+0000] {taskinstance.py:2193} INFO - Starting attempt 1 of 1
[2025-08-26T14:06:28.152+0000] {taskinstance.py:2214} INFO - Executing <Task(PythonOperator): run_file_to_db_etl> on 2025-08-26 14:06:21.801203+00:00
[2025-08-26T14:06:28.157+0000] {standard_task_runner.py:60} INFO - Started process 105 to run task
[2025-08-26T14:06:28.161+0000] {standard_task_runner.py:87} INFO - Running: ['***', 'tasks', 'run', 'mamda_monthly_etl_pipeline', 'run_file_to_db_etl', 'manual__2025-08-26T14:06:21.801203+00:00', '--job-id', '355', '--raw', '--subdir', 'DAGS_FOLDER/mamda_monthly_etl.py', '--cfg-path', '/tmp/tmpxt3mnj5j']
[2025-08-26T14:06:28.162+0000] {standard_task_runner.py:88} INFO - Job 355: Subtask run_file_to_db_etl
[2025-08-26T14:06:28.232+0000] {task_command.py:423} INFO - Running <TaskInstance: mamda_monthly_etl_pipeline.run_file_to_db_etl manual__2025-08-26T14:06:21.801203+00:00 [running]> on host 56b9edd55746
[2025-08-26T14:06:28.316+0000] {taskinstance.py:2510} INFO - Exporting env vars: AIRFLOW_CTX_DAG_OWNER='mamda_etl' AIRFLOW_CTX_DAG_ID='mamda_monthly_etl_pipeline' AIRFLOW_CTX_TASK_ID='run_file_to_db_etl' AIRFLOW_CTX_EXECUTION_DATE='2025-08-26T14:06:21.801203+00:00' AIRFLOW_CTX_TRY_NUMBER='1' AIRFLOW_CTX_DAG_RUN_ID='manual__2025-08-26T14:06:21.801203+00:00'
[2025-08-26T14:06:28.318+0000] {mamda_monthly_etl.py:178} INFO - === START: FILE -> DB ETL ===
[2025-08-26T14:06:28.319+0000] {mamda_monthly_etl.py:79} INFO - Subprocess ENV: DATA_DIR_FEE_PAYOUTS -> /mnt/mamda_data/fee_payouts
[2025-08-26T14:06:28.320+0000] {mamda_monthly_etl.py:80} INFO - Subprocess ENV: DATA_DIR_FEE_STATUS -> /mnt/mamda_data/fee_payouts_status
[2025-08-26T14:06:29.859+0000] {mamda_monthly_etl.py:196} INFO - FILE->DB STDOUT:
Looking for newest files
Utilisation du dossier externe
Recherche dans: /mnt/mamda_data/fee_payouts_status
Found 2 recent files
Processing file: /mnt/mamda_data/fee_payouts_status/AT_0825.asc
db chosen is SinAT_MCMA_retour
File AT_0825.asc has already been processed. Skipping.
Completed processing: /mnt/mamda_data/fee_payouts_status/AT_0825.asc

Processing file: /mnt/mamda_data/fee_payouts_status/Auto_0825.asc
db chosen is SinAuto_MCMA_retour
File Auto_0825.asc has already been processed. Skipping.
Completed processing: /mnt/mamda_data/fee_payouts_status/Auto_0825.asc

All files processed.

[2025-08-26T14:06:29.860+0000] {mamda_monthly_etl.py:206} INFO - === DONE: FILE -> DB ETL ===
[2025-08-26T14:06:29.860+0000] {python.py:202} INFO - Done. Returned value was: None
[2025-08-26T14:06:29.869+0000] {taskinstance.py:1149} INFO - Marking task as SUCCESS. dag_id=mamda_monthly_etl_pipeline, task_id=run_file_to_db_etl, execution_date=20250826T140621, start_date=20250826T140628, end_date=20250826T140629
[2025-08-26T14:06:29.905+0000] {local_task_job_runner.py:234} INFO - Task exited with return code 0
[2025-08-26T14:06:29.927+0000] {taskinstance.py:3309} INFO - 1 downstream tasks scheduled from follow-on schedule check
