[2025-08-26T14:03:03.234+0000] {taskinstance.py:1979} INFO - Dependencies all met for dep_context=non-requeueable deps ti=<TaskInstance: mamda_monthly_etl_pipeline.run_file_to_db_etl manual__2025-08-26T14:02:57.205799+00:00 [queued]>
[2025-08-26T14:03:03.243+0000] {taskinstance.py:1979} INFO - Dependencies all met for dep_context=requeueable deps ti=<TaskInstance: mamda_monthly_etl_pipeline.run_file_to_db_etl manual__2025-08-26T14:02:57.205799+00:00 [queued]>
[2025-08-26T14:03:03.244+0000] {taskinstance.py:2193} INFO - Starting attempt 1 of 1
[2025-08-26T14:03:03.257+0000] {taskinstance.py:2214} INFO - Executing <Task(PythonOperator): run_file_to_db_etl> on 2025-08-26 14:02:57.205799+00:00
[2025-08-26T14:03:03.262+0000] {standard_task_runner.py:60} INFO - Started process 144 to run task
[2025-08-26T14:03:03.265+0000] {standard_task_runner.py:87} INFO - Running: ['***', 'tasks', 'run', 'mamda_monthly_etl_pipeline', 'run_file_to_db_etl', 'manual__2025-08-26T14:02:57.205799+00:00', '--job-id', '348', '--raw', '--subdir', 'DAGS_FOLDER/mamda_monthly_etl.py', '--cfg-path', '/tmp/tmp4jqhrbcf']
[2025-08-26T14:03:03.266+0000] {standard_task_runner.py:88} INFO - Job 348: Subtask run_file_to_db_etl
[2025-08-26T14:03:03.310+0000] {task_command.py:423} INFO - Running <TaskInstance: mamda_monthly_etl_pipeline.run_file_to_db_etl manual__2025-08-26T14:02:57.205799+00:00 [running]> on host 847c05b19ac9
[2025-08-26T14:03:03.384+0000] {taskinstance.py:2510} INFO - Exporting env vars: AIRFLOW_CTX_DAG_OWNER='mamda_etl' AIRFLOW_CTX_DAG_ID='mamda_monthly_etl_pipeline' AIRFLOW_CTX_TASK_ID='run_file_to_db_etl' AIRFLOW_CTX_EXECUTION_DATE='2025-08-26T14:02:57.205799+00:00' AIRFLOW_CTX_TRY_NUMBER='1' AIRFLOW_CTX_DAG_RUN_ID='manual__2025-08-26T14:02:57.205799+00:00'
[2025-08-26T14:03:03.385+0000] {mamda_monthly_etl.py:178} INFO - === START: FILE -> DB ETL ===
[2025-08-26T14:03:03.386+0000] {mamda_monthly_etl.py:79} INFO - Subprocess ENV: DATA_DIR_FEE_PAYOUTS -> /mnt/mamda_data/fee_payouts
[2025-08-26T14:03:03.387+0000] {mamda_monthly_etl.py:80} INFO - Subprocess ENV: DATA_DIR_FEE_STATUS -> /mnt/mamda_data/fee_payouts_status
[2025-08-26T14:03:03.442+0000] {mamda_monthly_etl.py:198} WARNING - FILE->DB STDERR:
Traceback (most recent call last):
  File "/opt/***/scripts/etl_pipeline_file_to_db.py", line 5, in <module>
    from dotenv import load_dotenv
ModuleNotFoundError: No module named 'dotenv'

[2025-08-26T14:03:03.443+0000] {taskinstance.py:2728} ERROR - Task failed with exception
Traceback (most recent call last):
  File "/home/airflow/.local/lib/python3.11/site-packages/airflow/models/taskinstance.py", line 444, in _execute_task
    result = _execute_callable(context=context, **execute_callable_kwargs)
             ^^^^^^^^^^^^^^^^^^^^^^^^^^^^^^^^^^^^^^^^^^^^^^^^^^^^^^^^^^^^^
  File "/home/airflow/.local/lib/python3.11/site-packages/airflow/models/taskinstance.py", line 414, in _execute_callable
    return execute_callable(context=context, **execute_callable_kwargs)
           ^^^^^^^^^^^^^^^^^^^^^^^^^^^^^^^^^^^^^^^^^^^^^^^^^^^^^^^^^^^^
  File "/home/airflow/.local/lib/python3.11/site-packages/airflow/operators/python.py", line 200, in execute
    return_value = self.execute_callable()
                   ^^^^^^^^^^^^^^^^^^^^^^^
  File "/home/airflow/.local/lib/python3.11/site-packages/airflow/operators/python.py", line 217, in execute_callable
    return self.python_callable(*self.op_args, **self.op_kwargs)
           ^^^^^^^^^^^^^^^^^^^^^^^^^^^^^^^^^^^^^^^^^^^^^^^^^^^^^
  File "/opt/airflow/dags/mamda_monthly_etl.py", line 199, in run_file_to_db_etl
    _fail_on_error_markers(result, [
  File "/opt/airflow/dags/mamda_monthly_etl.py", line 89, in _fail_on_error_markers
    raise RuntimeError(f"Detected error in child script output: {m}")
RuntimeError: Detected error in child script output: Traceback (most recent call last):
[2025-08-26T14:03:03.454+0000] {taskinstance.py:1149} INFO - Marking task as FAILED. dag_id=mamda_monthly_etl_pipeline, task_id=run_file_to_db_etl, execution_date=20250826T140257, start_date=20250826T140303, end_date=20250826T140303
[2025-08-26T14:03:03.464+0000] {standard_task_runner.py:107} ERROR - Failed to execute job 348 for task run_file_to_db_etl (Detected error in child script output: Traceback (most recent call last):; 144)
[2025-08-26T14:03:03.479+0000] {local_task_job_runner.py:234} INFO - Task exited with return code 1
[2025-08-26T14:03:03.497+0000] {taskinstance.py:3309} INFO - 0 downstream tasks scheduled from follow-on schedule check
