[2025-08-26T14:39:59.373+0000] {taskinstance.py:1979} INFO - Dependencies all met for dep_context=non-requeueable deps ti=<TaskInstance: mamda_monthly_etl_pipeline.run_file_to_db_etl manual__2025-08-26T14:39:53.680390+00:00 [queued]>
[2025-08-26T14:39:59.382+0000] {taskinstance.py:1979} INFO - Dependencies all met for dep_context=requeueable deps ti=<TaskInstance: mamda_monthly_etl_pipeline.run_file_to_db_etl manual__2025-08-26T14:39:53.680390+00:00 [queued]>
[2025-08-26T14:39:59.383+0000] {taskinstance.py:2193} INFO - Starting attempt 1 of 1
[2025-08-26T14:39:59.397+0000] {taskinstance.py:2214} INFO - Executing <Task(PythonOperator): run_file_to_db_etl> on 2025-08-26 14:39:53.680390+00:00
[2025-08-26T14:39:59.402+0000] {standard_task_runner.py:60} INFO - Started process 548 to run task
[2025-08-26T14:39:59.405+0000] {standard_task_runner.py:87} INFO - Running: ['***', 'tasks', 'run', 'mamda_monthly_etl_pipeline', 'run_file_to_db_etl', 'manual__2025-08-26T14:39:53.680390+00:00', '--job-id', '375', '--raw', '--subdir', 'DAGS_FOLDER/mamda_monthly_etl.py', '--cfg-path', '/tmp/tmpb0mft64g']
[2025-08-26T14:39:59.407+0000] {standard_task_runner.py:88} INFO - Job 375: Subtask run_file_to_db_etl
[2025-08-26T14:39:59.456+0000] {task_command.py:423} INFO - Running <TaskInstance: mamda_monthly_etl_pipeline.run_file_to_db_etl manual__2025-08-26T14:39:53.680390+00:00 [running]> on host 40a873810464
[2025-08-26T14:39:59.540+0000] {taskinstance.py:2510} INFO - Exporting env vars: AIRFLOW_CTX_DAG_OWNER='mamda_etl' AIRFLOW_CTX_DAG_ID='mamda_monthly_etl_pipeline' AIRFLOW_CTX_TASK_ID='run_file_to_db_etl' AIRFLOW_CTX_EXECUTION_DATE='2025-08-26T14:39:53.680390+00:00' AIRFLOW_CTX_TRY_NUMBER='1' AIRFLOW_CTX_DAG_RUN_ID='manual__2025-08-26T14:39:53.680390+00:00'
[2025-08-26T14:39:59.541+0000] {mamda_monthly_etl.py:177} INFO - === START: FILE -> DB ETL ===
[2025-08-26T14:39:59.542+0000] {mamda_monthly_etl.py:78} INFO - Subprocess ENV: DATA_DIR_FEE_PAYOUTS -> /mnt/mamda_data/fee_payouts
[2025-08-26T14:39:59.543+0000] {mamda_monthly_etl.py:79} INFO - Subprocess ENV: DATA_DIR_FEE_STATUS -> /mnt/mamda_data/fee_payouts_status
[2025-08-26T14:40:00.789+0000] {mamda_monthly_etl.py:195} INFO - FILE->DB STDOUT:
Looking for newest files
Utilisation du dossier externe
Recherche dans: /mnt/mamda_data/fee_payouts_status
Found 2 recent files
Processing file: /mnt/mamda_data/fee_payouts_status/AT_0825.asc
db chosen is SinAT_MCMA_retour
File AT_0825.asc has already been processed. Skipping.
Completed processing: /mnt/mamda_data/fee_payouts_status/AT_0825.asc

Processing file: /mnt/mamda_data/fee_payouts_status/Auto_0825.asc
db chosen is SinAuto_MCMA_retour
File Auto_0825.asc has already been processed. Skipping.
Completed processing: /mnt/mamda_data/fee_payouts_status/Auto_0825.asc

All files processed.

[2025-08-26T14:40:00.790+0000] {mamda_monthly_etl.py:205} INFO - === DONE: FILE -> DB ETL ===
[2025-08-26T14:40:00.791+0000] {python.py:202} INFO - Done. Returned value was: None
[2025-08-26T14:40:00.799+0000] {taskinstance.py:1149} INFO - Marking task as SUCCESS. dag_id=mamda_monthly_etl_pipeline, task_id=run_file_to_db_etl, execution_date=20250826T143953, start_date=20250826T143959, end_date=20250826T144000
[2025-08-26T14:40:00.826+0000] {local_task_job_runner.py:234} INFO - Task exited with return code 0
[2025-08-26T14:40:00.851+0000] {taskinstance.py:3309} INFO - 1 downstream tasks scheduled from follow-on schedule check
