[2025-08-19T09:57:44.120+0000] {taskinstance.py:1979} INFO - Dependencies all met for dep_context=non-requeueable deps ti=<TaskInstance: mamda_monthly_etl_pipeline.run_file_to_db_etl manual__2025-08-19T09:57:33+00:00 [queued]>
[2025-08-19T09:57:44.132+0000] {taskinstance.py:1979} INFO - Dependencies all met for dep_context=requeueable deps ti=<TaskInstance: mamda_monthly_etl_pipeline.run_file_to_db_etl manual__2025-08-19T09:57:33+00:00 [queued]>
[2025-08-19T09:57:44.133+0000] {taskinstance.py:2193} INFO - Starting attempt 1 of 3
[2025-08-19T09:57:44.149+0000] {taskinstance.py:2214} INFO - Executing <Task(PythonOperator): run_file_to_db_etl> on 2025-08-19 09:57:33+00:00
[2025-08-19T09:57:44.155+0000] {standard_task_runner.py:60} INFO - Started process 89 to run task
[2025-08-19T09:57:44.158+0000] {standard_task_runner.py:87} INFO - Running: ['***', 'tasks', 'run', 'mamda_monthly_etl_pipeline', 'run_file_to_db_etl', 'manual__2025-08-19T09:57:33+00:00', '--job-id', '33', '--raw', '--subdir', 'DAGS_FOLDER/mamda_monthly_etl.py', '--cfg-path', '/tmp/tmph28bukwf']
[2025-08-19T09:57:44.159+0000] {standard_task_runner.py:88} INFO - Job 33: Subtask run_file_to_db_etl
[2025-08-19T09:57:44.213+0000] {task_command.py:423} INFO - Running <TaskInstance: mamda_monthly_etl_pipeline.run_file_to_db_etl manual__2025-08-19T09:57:33+00:00 [running]> on host 522cc7b8a139
[2025-08-19T09:57:44.295+0000] {taskinstance.py:2510} INFO - Exporting env vars: AIRFLOW_CTX_DAG_OWNER='mamda_etl' AIRFLOW_CTX_DAG_ID='mamda_monthly_etl_pipeline' AIRFLOW_CTX_TASK_ID='run_file_to_db_etl' AIRFLOW_CTX_EXECUTION_DATE='2025-08-19T09:57:33+00:00' AIRFLOW_CTX_TRY_NUMBER='1' AIRFLOW_CTX_DAG_RUN_ID='manual__2025-08-19T09:57:33+00:00'
[2025-08-19T09:57:44.297+0000] {mamda_monthly_etl.py:134} INFO - === START: FILE -> DB ETL ===
[2025-08-19T09:57:47.449+0000] {mamda_monthly_etl.py:152} INFO - FILE->DB STDOUT:
Looking for newest files
Utilisation du dossier externe
Recherche dans: /opt/***/data/fee_payouts_status
Found 2 recent files
Processing file: /opt/***/data/fee_payouts_status/AT_0825.asc
db chosen is SinAT_MCMA_retour
Metadata inserted successfully into Sort_MetaData_AT_MCMA with ID: 1
Data inserted successfully
Data inserted successfully
Completed processing: /opt/***/data/fee_payouts_status/AT_0825.asc

Processing file: /opt/***/data/fee_payouts_status/Auto_0825.asc
db chosen is SinAuto_MCMA_retour
Metadata inserted successfully into Sort_MetaData_Auto_MCMA with ID: 1
Data inserted successfully
Data inserted successfully
Completed processing: /opt/***/data/fee_payouts_status/Auto_0825.asc

All files processed.

[2025-08-19T09:57:47.450+0000] {mamda_monthly_etl.py:162} INFO - === DONE: FILE -> DB ETL ===
[2025-08-19T09:57:47.450+0000] {python.py:202} INFO - Done. Returned value was: None
[2025-08-19T09:57:47.461+0000] {taskinstance.py:1149} INFO - Marking task as SUCCESS. dag_id=mamda_monthly_etl_pipeline, task_id=run_file_to_db_etl, execution_date=20250819T095733, start_date=20250819T095744, end_date=20250819T095747
[2025-08-19T09:57:47.505+0000] {local_task_job_runner.py:234} INFO - Task exited with return code 0
[2025-08-19T09:57:47.532+0000] {taskinstance.py:3309} INFO - 0 downstream tasks scheduled from follow-on schedule check
