[2025-08-26T08:57:02.668+0000] {taskinstance.py:1979} INFO - Dependencies all met for dep_context=non-requeueable deps ti=<TaskInstance: mamda_monthly_etl_pipeline.run_db_to_file_etl manual__2025-08-26T08:56:59.351607+00:00 [queued]>
[2025-08-26T08:57:02.679+0000] {taskinstance.py:1979} INFO - Dependencies all met for dep_context=requeueable deps ti=<TaskInstance: mamda_monthly_etl_pipeline.run_db_to_file_etl manual__2025-08-26T08:56:59.351607+00:00 [queued]>
[2025-08-26T08:57:02.679+0000] {taskinstance.py:2193} INFO - Starting attempt 1 of 1
[2025-08-26T08:57:02.694+0000] {taskinstance.py:2214} INFO - Executing <Task(PythonOperator): run_db_to_file_etl> on 2025-08-26 08:56:59.351607+00:00
[2025-08-26T08:57:02.699+0000] {standard_task_runner.py:60} INFO - Started process 208 to run task
[2025-08-26T08:57:02.703+0000] {standard_task_runner.py:87} INFO - Running: ['***', 'tasks', 'run', 'mamda_monthly_etl_pipeline', 'run_db_to_file_etl', 'manual__2025-08-26T08:56:59.351607+00:00', '--job-id', '123', '--raw', '--subdir', 'DAGS_FOLDER/mamda_monthly_etl.py', '--cfg-path', '/tmp/tmpl3zmvuw1']
[2025-08-26T08:57:02.704+0000] {standard_task_runner.py:88} INFO - Job 123: Subtask run_db_to_file_etl
[2025-08-26T08:57:02.749+0000] {task_command.py:423} INFO - Running <TaskInstance: mamda_monthly_etl_pipeline.run_db_to_file_etl manual__2025-08-26T08:56:59.351607+00:00 [running]> on host 9f5b6f3413d6
[2025-08-26T08:57:02.824+0000] {taskinstance.py:2510} INFO - Exporting env vars: AIRFLOW_CTX_DAG_OWNER='mamda_etl' AIRFLOW_CTX_DAG_ID='mamda_monthly_etl_pipeline' AIRFLOW_CTX_TASK_ID='run_db_to_file_etl' AIRFLOW_CTX_EXECUTION_DATE='2025-08-26T08:56:59.351607+00:00' AIRFLOW_CTX_TRY_NUMBER='1' AIRFLOW_CTX_DAG_RUN_ID='manual__2025-08-26T08:56:59.351607+00:00'
[2025-08-26T08:57:02.826+0000] {mamda_monthly_etl.py:86} INFO - === START: DB -> FILE ETL ===
[2025-08-26T08:57:02.827+0000] {taskinstance.py:2728} ERROR - Task failed with exception
Traceback (most recent call last):
  File "/home/airflow/.local/lib/python3.11/site-packages/airflow/models/taskinstance.py", line 444, in _execute_task
    result = _execute_callable(context=context, **execute_callable_kwargs)
             ^^^^^^^^^^^^^^^^^^^^^^^^^^^^^^^^^^^^^^^^^^^^^^^^^^^^^^^^^^^^^
  File "/home/airflow/.local/lib/python3.11/site-packages/airflow/models/taskinstance.py", line 414, in _execute_callable
    return execute_callable(context=context, **execute_callable_kwargs)
           ^^^^^^^^^^^^^^^^^^^^^^^^^^^^^^^^^^^^^^^^^^^^^^^^^^^^^^^^^^^^
  File "/home/airflow/.local/lib/python3.11/site-packages/airflow/operators/python.py", line 200, in execute
    return_value = self.execute_callable()
                   ^^^^^^^^^^^^^^^^^^^^^^^
  File "/home/airflow/.local/lib/python3.11/site-packages/airflow/operators/python.py", line 217, in execute_callable
    return self.python_callable(*self.op_args, **self.op_kwargs)
           ^^^^^^^^^^^^^^^^^^^^^^^^^^^^^^^^^^^^^^^^^^^^^^^^^^^^^
  File "/opt/airflow/dags/mamda_monthly_etl.py", line 87, in run_db_to_file_etl
    env = _compose_env_for_subprocess()
          ^^^^^^^^^^^^^^^^^^^^^^^^^^^^^
  File "/opt/airflow/dags/mamda_monthly_etl.py", line 63, in _compose_env_for_subprocess
    os.makedirs(payouts_dir, exist_ok=True)
  File "<frozen os>", line 225, in makedirs
FileExistsError: [Errno 17] File exists: '/opt/airflow/data/fee_payouts'
[2025-08-26T08:57:02.842+0000] {taskinstance.py:1149} INFO - Marking task as FAILED. dag_id=mamda_monthly_etl_pipeline, task_id=run_db_to_file_etl, execution_date=20250826T085659, start_date=20250826T085702, end_date=20250826T085702
[2025-08-26T08:57:02.854+0000] {standard_task_runner.py:107} ERROR - Failed to execute job 123 for task run_db_to_file_etl ([Errno 17] File exists: '/opt/airflow/data/fee_payouts'; 208)
[2025-08-26T08:57:02.875+0000] {local_task_job_runner.py:234} INFO - Task exited with return code 1
[2025-08-26T08:57:02.897+0000] {taskinstance.py:3309} INFO - 0 downstream tasks scheduled from follow-on schedule check
