[2025-08-26T11:35:57.425+0000] {taskinstance.py:1979} INFO - Dependencies all met for dep_context=non-requeueable deps ti=<TaskInstance: mamda_monthly_etl_pipeline.run_file_to_db_etl manual__2025-08-26T11:35:49.468440+00:00 [queued]>
[2025-08-26T11:35:57.447+0000] {taskinstance.py:1979} INFO - Dependencies all met for dep_context=requeueable deps ti=<TaskInstance: mamda_monthly_etl_pipeline.run_file_to_db_etl manual__2025-08-26T11:35:49.468440+00:00 [queued]>
[2025-08-26T11:35:57.448+0000] {taskinstance.py:2193} INFO - Starting attempt 1 of 1
[2025-08-26T11:35:57.476+0000] {taskinstance.py:2214} INFO - Executing <Task(PythonOperator): run_file_to_db_etl> on 2025-08-26 11:35:49.468440+00:00
[2025-08-26T11:35:57.488+0000] {standard_task_runner.py:60} INFO - Started process 89 to run task
[2025-08-26T11:35:57.494+0000] {standard_task_runner.py:87} INFO - Running: ['***', 'tasks', 'run', 'mamda_monthly_etl_pipeline', 'run_file_to_db_etl', 'manual__2025-08-26T11:35:49.468440+00:00', '--job-id', '310', '--raw', '--subdir', 'DAGS_FOLDER/mamda_monthly_etl.py', '--cfg-path', '/tmp/tmpshxcgv7q']
[2025-08-26T11:35:57.496+0000] {standard_task_runner.py:88} INFO - Job 310: Subtask run_file_to_db_etl
[2025-08-26T11:35:57.611+0000] {task_command.py:423} INFO - Running <TaskInstance: mamda_monthly_etl_pipeline.run_file_to_db_etl manual__2025-08-26T11:35:49.468440+00:00 [running]> on host 54c08829cb2d
[2025-08-26T11:35:57.839+0000] {taskinstance.py:2510} INFO - Exporting env vars: AIRFLOW_CTX_DAG_OWNER='mamda_etl' AIRFLOW_CTX_DAG_ID='mamda_monthly_etl_pipeline' AIRFLOW_CTX_TASK_ID='run_file_to_db_etl' AIRFLOW_CTX_EXECUTION_DATE='2025-08-26T11:35:49.468440+00:00' AIRFLOW_CTX_TRY_NUMBER='1' AIRFLOW_CTX_DAG_RUN_ID='manual__2025-08-26T11:35:49.468440+00:00'
[2025-08-26T11:35:57.842+0000] {mamda_monthly_etl.py:144} INFO - === START: FILE -> DB ETL ===
[2025-08-26T11:36:06.549+0000] {mamda_monthly_etl.py:162} INFO - FILE->DB STDOUT:
Looking for newest files
Utilisation du dossier externe
Recherche dans: /opt/***/data/fee_payouts_status
Found 1 recent files
Processing file: /opt/***/data/fee_payouts_status/AT_0825.asc
db chosen is SinAT_MCMA_retour
File AT_0825.asc has already been processed. Skipping.
Completed processing: /opt/***/data/fee_payouts_status/AT_0825.asc

All files processed.

[2025-08-26T11:36:06.550+0000] {mamda_monthly_etl.py:172} INFO - === DONE: FILE -> DB ETL ===
[2025-08-26T11:36:06.552+0000] {python.py:202} INFO - Done. Returned value was: None
[2025-08-26T11:36:06.565+0000] {taskinstance.py:1149} INFO - Marking task as SUCCESS. dag_id=mamda_monthly_etl_pipeline, task_id=run_file_to_db_etl, execution_date=20250826T113549, start_date=20250826T113557, end_date=20250826T113606
[2025-08-26T11:36:06.622+0000] {local_task_job_runner.py:234} INFO - Task exited with return code 0
[2025-08-26T11:36:06.647+0000] {taskinstance.py:3309} INFO - 1 downstream tasks scheduled from follow-on schedule check
